{"C:\\Users\\u\\Desktop\\Testing-to-do-list1\\src\\show.js": {"path":"C:\\Users\\u\\Desktop\\Testing-to-do-list1\\src\\show.js","statementMap":{"0":{"start":{"line":5,"column":22},"end":{"line":5,"column":53}},"1":{"start":{"line":6,"column":24},"end":{"line":56,"column":1}},"2":{"start":{"line":7,"column":2},"end":{"line":7,"column":31}},"3":{"start":{"line":8,"column":2},"end":{"line":55,"column":5}},"4":{"start":{"line":9,"column":21},"end":{"line":9,"column":50}},"5":{"start":{"line":10,"column":4},"end":{"line":10,"column":43}},"6":{"start":{"line":11,"column":4},"end":{"line":23,"column":10}},"7":{"start":{"line":24,"column":21},"end":{"line":24,"column":69}},"8":{"start":{"line":25,"column":4},"end":{"line":29,"column":7}},"9":{"start":{"line":26,"column":20},"end":{"line":26,"column":59}},"10":{"start":{"line":27,"column":6},"end":{"line":27,"column":27}},"11":{"start":{"line":28,"column":6},"end":{"line":28,"column":37}},"12":{"start":{"line":30,"column":24},"end":{"line":30,"column":68}},"13":{"start":{"line":31,"column":4},"end":{"line":34,"column":7}},"14":{"start":{"line":32,"column":20},"end":{"line":32,"column":121}},"15":{"start":{"line":33,"column":6},"end":{"line":33,"column":42}},"16":{"start":{"line":35,"column":4},"end":{"line":40,"column":7}},"17":{"start":{"line":36,"column":20},"end":{"line":36,"column":121}},"18":{"start":{"line":37,"column":6},"end":{"line":37,"column":42}},"19":{"start":{"line":38,"column":6},"end":{"line":38,"column":49}},"20":{"start":{"line":39,"column":6},"end":{"line":39,"column":37}},"21":{"start":{"line":41,"column":23},"end":{"line":41,"column":59}},"22":{"start":{"line":42,"column":4},"end":{"line":47,"column":7}},"23":{"start":{"line":43,"column":20},"end":{"line":43,"column":59}},"24":{"start":{"line":44,"column":31},"end":{"line":44,"column":75}},"25":{"start":{"line":45,"column":6},"end":{"line":45,"column":58}},"26":{"start":{"line":46,"column":6},"end":{"line":46,"column":38}},"27":{"start":{"line":48,"column":25},"end":{"line":48,"column":63}},"28":{"start":{"line":49,"column":4},"end":{"line":53,"column":7}},"29":{"start":{"line":50,"column":20},"end":{"line":50,"column":59}},"30":{"start":{"line":51,"column":6},"end":{"line":51,"column":24}},"31":{"start":{"line":52,"column":6},"end":{"line":52,"column":37}},"32":{"start":{"line":54,"column":4},"end":{"line":54,"column":40}}},"fnMap":{"0":{"name":"(anonymous_0)","decl":{"start":{"line":6,"column":24},"end":{"line":6,"column":25}},"loc":{"start":{"line":6,"column":38},"end":{"line":56,"column":1}},"line":6},"1":{"name":"(anonymous_1)","decl":{"start":{"line":8,"column":19},"end":{"line":8,"column":20}},"loc":{"start":{"line":8,"column":36},"end":{"line":55,"column":3}},"line":8},"2":{"name":"(anonymous_2)","decl":{"start":{"line":25,"column":40},"end":{"line":25,"column":41}},"loc":{"start":{"line":25,"column":51},"end":{"line":29,"column":5}},"line":25},"3":{"name":"(anonymous_3)","decl":{"start":{"line":31,"column":42},"end":{"line":31,"column":43}},"loc":{"start":{"line":31,"column":53},"end":{"line":34,"column":5}},"line":31},"4":{"name":"(anonymous_4)","decl":{"start":{"line":35,"column":41},"end":{"line":35,"column":42}},"loc":{"start":{"line":35,"column":52},"end":{"line":40,"column":5}},"line":35},"5":{"name":"(anonymous_5)","decl":{"start":{"line":42,"column":41},"end":{"line":42,"column":42}},"loc":{"start":{"line":42,"column":52},"end":{"line":47,"column":5}},"line":42},"6":{"name":"(anonymous_6)","decl":{"start":{"line":49,"column":43},"end":{"line":49,"column":44}},"loc":{"start":{"line":49,"column":54},"end":{"line":53,"column":5}},"line":49}},"branchMap":{"0":{"loc":{"start":{"line":14,"column":39},"end":{"line":14,"column":70}},"type":"cond-expr","locations":[{"start":{"line":14,"column":56},"end":{"line":14,"column":65}},{"start":{"line":14,"column":68},"end":{"line":14,"column":70}}],"line":14}},"s":{"0":1,"1":1,"2":0,"3":0,"4":0,"5":0,"6":0,"7":0,"8":0,"9":0,"10":0,"11":0,"12":0,"13":0,"14":0,"15":0,"16":0,"17":0,"18":0,"19":0,"20":0,"21":0,"22":0,"23":0,"24":0,"25":0,"26":0,"27":0,"28":0,"29":0,"30":0,"31":0,"32":0},"f":{"0":0,"1":0,"2":0,"3":0,"4":0,"5":0,"6":0},"b":{"0":[0,0]},"_coverageSchema":"1a1c01bbd47fc00a2c39e90264f33305004495a9","hash":"0403f38fd2b8807133ed6f33537c2c08ca8fcd77"}
,"C:\\Users\\u\\Desktop\\Testing-to-do-list1\\src\\todoList.js": {"path":"C:\\Users\\u\\Desktop\\Testing-to-do-list1\\src\\todoList.js","statementMap":{"0":{"start":{"line":1,"column":15},"end":{"line":1,"column":99}},"1":{"start":{"line":2,"column":20},"end":{"line":2,"column":34}},"2":{"start":{"line":2,"column":26},"end":{"line":2,"column":34}},"3":{"start":{"line":3,"column":21},"end":{"line":5,"column":1}},"4":{"start":{"line":4,"column":2},"end":{"line":4,"column":61}},"5":{"start":{"line":6,"column":16},"end":{"line":15,"column":1}},"6":{"start":{"line":7,"column":2},"end":{"line":14,"column":3}},"7":{"start":{"line":8,"column":21},"end":{"line":11,"column":5}},"8":{"start":{"line":12,"column":4},"end":{"line":12,"column":28}},"9":{"start":{"line":13,"column":4},"end":{"line":13,"column":19}},"10":{"start":{"line":16,"column":22},"end":{"line":21,"column":1}},"11":{"start":{"line":17,"column":2},"end":{"line":20,"column":3}},"12":{"start":{"line":18,"column":4},"end":{"line":18,"column":41}},"13":{"start":{"line":19,"column":4},"end":{"line":19,"column":19}},"14":{"start":{"line":22,"column":19},"end":{"line":25,"column":1}},"15":{"start":{"line":23,"column":2},"end":{"line":23,"column":28}},"16":{"start":{"line":24,"column":2},"end":{"line":24,"column":61}},"17":{"start":{"line":26,"column":29},"end":{"line":29,"column":1}},"18":{"start":{"line":27,"column":2},"end":{"line":27,"column":56}},"19":{"start":{"line":27,"column":39},"end":{"line":27,"column":54}},"20":{"start":{"line":28,"column":2},"end":{"line":28,"column":17}},"21":{"start":{"line":30,"column":17},"end":{"line":33,"column":1}},"22":{"start":{"line":31,"column":2},"end":{"line":31,"column":44}},"23":{"start":{"line":32,"column":2},"end":{"line":32,"column":17}}},"fnMap":{"0":{"name":"(anonymous_0)","decl":{"start":{"line":2,"column":20},"end":{"line":2,"column":21}},"loc":{"start":{"line":2,"column":26},"end":{"line":2,"column":34}},"line":2},"1":{"name":"(anonymous_1)","decl":{"start":{"line":3,"column":21},"end":{"line":3,"column":22}},"loc":{"start":{"line":3,"column":27},"end":{"line":5,"column":1}},"line":3},"2":{"name":"(anonymous_2)","decl":{"start":{"line":6,"column":16},"end":{"line":6,"column":17}},"loc":{"start":{"line":6,"column":26},"end":{"line":15,"column":1}},"line":6},"3":{"name":"(anonymous_3)","decl":{"start":{"line":16,"column":22},"end":{"line":16,"column":23}},"loc":{"start":{"line":16,"column":37},"end":{"line":21,"column":1}},"line":16},"4":{"name":"(anonymous_4)","decl":{"start":{"line":22,"column":19},"end":{"line":22,"column":20}},"loc":{"start":{"line":22,"column":30},"end":{"line":25,"column":1}},"line":22},"5":{"name":"(anonymous_5)","decl":{"start":{"line":26,"column":29},"end":{"line":26,"column":30}},"loc":{"start":{"line":26,"column":35},"end":{"line":29,"column":1}},"line":26},"6":{"name":"(anonymous_6)","decl":{"start":{"line":27,"column":29},"end":{"line":27,"column":30}},"loc":{"start":{"line":27,"column":39},"end":{"line":27,"column":54}},"line":27},"7":{"name":"(anonymous_7)","decl":{"start":{"line":30,"column":17},"end":{"line":30,"column":18}},"loc":{"start":{"line":30,"column":41},"end":{"line":33,"column":1}},"line":30}},"branchMap":{"0":{"loc":{"start":{"line":1,"column":15},"end":{"line":1,"column":99}},"type":"cond-expr","locations":[{"start":{"line":1,"column":50},"end":{"line":1,"column":94}},{"start":{"line":1,"column":97},"end":{"line":1,"column":99}}],"line":1},"1":{"loc":{"start":{"line":7,"column":2},"end":{"line":14,"column":3}},"type":"if","locations":[{"start":{"line":7,"column":2},"end":{"line":14,"column":3}},{"start":{},"end":{}}],"line":7},"2":{"loc":{"start":{"line":17,"column":2},"end":{"line":20,"column":3}},"type":"if","locations":[{"start":{"line":17,"column":2},"end":{"line":20,"column":3}},{"start":{},"end":{}}],"line":17},"3":{"loc":{"start":{"line":17,"column":6},"end":{"line":17,"column":51}},"type":"binary-expr","locations":[{"start":{"line":17,"column":6},"end":{"line":17,"column":20}},{"start":{"line":17,"column":24},"end":{"line":17,"column":51}}],"line":17}},"s":{"0":1,"1":1,"2":4,"3":1,"4":1,"5":1,"6":1,"7":1,"8":1,"9":1,"10":1,"11":0,"12":0,"13":0,"14":1,"15":1,"16":1,"17":1,"18":0,"19":0,"20":0,"21":1,"22":0,"23":0},"f":{"0":4,"1":1,"2":1,"3":0,"4":1,"5":0,"6":0,"7":0},"b":{"0":[0,1],"1":[1,0],"2":[0,0],"3":[0,0]},"_coverageSchema":"1a1c01bbd47fc00a2c39e90264f33305004495a9","hash":"24f8c1017a1e83fc55cd5b79a43cdc6029d0f41f"}
}
